{
  "uid" : "4592a4b4eaf48ca1",
  "name" : "test_adatlementes_feluletrol",
  "fullName" : "tests.tc8_adatlementes_feluletrol_test#test_adatlementes_feluletrol",
  "historyId" : "7f7894099697f9e6cbe226f4c880df91",
  "time" : {
    "start" : 1628701450411,
    "stop" : 1628701464698,
    "duration" : 14287
  },
  "status" : "passed",
  "flaky" : false,
  "newFailed" : false,
  "beforeStages" : [ ],
  "afterStages" : [ ],
  "labels" : [ {
    "name" : "parentSuite",
    "value" : "tests"
  }, {
    "name" : "suite",
    "value" : "tc8_adatlementes_feluletrol_test"
  }, {
    "name" : "host",
    "value" : "fv-az82-15"
  }, {
    "name" : "thread",
    "value" : "3817-MainThread"
  }, {
    "name" : "framework",
    "value" : "pytest"
  }, {
    "name" : "language",
    "value" : "cpython3"
  }, {
    "name" : "package",
    "value" : "tests.tc8_adatlementes_feluletrol_test"
  }, {
    "name" : "resultFormat",
    "value" : "allure2"
  } ],
  "parameters" : [ ],
  "links" : [ ],
  "hidden" : false,
  "retry" : false,
  "extra" : {
    "severity" : "normal",
    "retries" : [ ],
    "categories" : [ ],
    "history" : {
      "statistic" : {
        "failed" : 0,
        "broken" : 5,
        "skipped" : 0,
        "passed" : 1,
        "unknown" : 0,
        "total" : 6
      },
      "items" : [ {
        "uid" : "4ce17333e8cae153",
        "reportUrl" : "https://robert19940123.github.io/conduit/12//#testresult/4ce17333e8cae153",
        "status" : "broken",
        "statusDetails" : "selenium.common.exceptions.NoSuchElementException: Message: no such element: Unable to locate element: {\"method\":\"xpath\",\"selector\":\"/html/body/div[1]/div/div/div/div/form/button\"}\n  (Session info: headless chrome=92.0.4515.131)",
        "time" : {
          "start" : 1628700841460,
          "stop" : 1628700847883,
          "duration" : 6423
        }
      }, {
        "uid" : "816212cb34ee9c3e",
        "reportUrl" : "https://robert19940123.github.io/conduit/11//#testresult/816212cb34ee9c3e",
        "status" : "broken",
        "statusDetails" : "FileNotFoundError: [Errno 2] No such file or directory: '../tc8_upload.csv'",
        "time" : {
          "start" : 1628700418642,
          "stop" : 1628700424214,
          "duration" : 5572
        }
      }, {
        "uid" : "36c2c5dee7bc4311",
        "reportUrl" : "https://robert19940123.github.io/conduit/10//#testresult/36c2c5dee7bc4311",
        "status" : "broken",
        "statusDetails" : "selenium.common.exceptions.NoSuchElementException: Message: no such element: Unable to locate element: {\"method\":\"xpath\",\"selector\":\"/html/body/div[1]/div/div/div/div/form/button\"}\n  (Session info: headless chrome=92.0.4515.131)",
        "time" : {
          "start" : 1628699693846,
          "stop" : 1628699700468,
          "duration" : 6622
        }
      }, {
        "uid" : "cf8b2dfd6e88389c",
        "reportUrl" : "https://robert19940123.github.io/conduit/9//#testresult/cf8b2dfd6e88389c",
        "status" : "broken",
        "statusDetails" : "FileNotFoundError: [Errno 2] No such file or directory: './tc8_upload.csv'",
        "time" : {
          "start" : 1628696214209,
          "stop" : 1628696219787,
          "duration" : 5578
        }
      }, {
        "uid" : "4bc942be5ec7a8ad",
        "reportUrl" : "https://robert19940123.github.io/conduit/8//#testresult/4bc942be5ec7a8ad",
        "status" : "broken",
        "statusDetails" : "FileNotFoundError: [Errno 2] No such file or directory: 'tc8_upload.csv'",
        "time" : {
          "start" : 1628695646049,
          "stop" : 1628695651489,
          "duration" : 5440
        }
      } ]
    },
    "tags" : [ ]
  },
  "source" : "4592a4b4eaf48ca1.json",
  "parameterValues" : [ ]
}