{
  "uid" : "502de33a1e8f69fb",
  "name" : "test_login_logout",
  "fullName" : "tests.tc2_login_logout_test#test_login_logout",
  "historyId" : "d86df1b15e9dbc0dd5f32531c65f6be7",
  "time" : {
    "start" : 1627906340504,
    "stop" : 1627906347343,
    "duration" : 6839
  },
  "status" : "broken",
  "statusMessage" : "selenium.common.exceptions.NoSuchElementException: Message: no such element: Unable to locate element: {\"method\":\"xpath\",\"selector\":\"//a[@href='#/@robert07134/']\"}\n  (Session info: headless chrome=92.0.4515.107)",
  "statusTrace" : "def test_login_logout():\n        driver.get(\"http://localhost:1667/#/\")\n    \n        try:\n    \n            def check_and_click(a, b, c):\n                a = driver.find_element_by_xpath(b)\n                assert a.text == c\n                a.click()\n                time.sleep(0.5)\n    \n            def displayed(a):\n                assert a.is_displayed()\n    \n            def type_and_check(t, p, c):\n                t.clear()\n                assert t.get_attribute(\"placeholder\") == p\n                t.send_keys(c)\n    \n            def random_email_address(domain='gmail.com'):\n                random_data = ''.join(random.choice(string.ascii_letters + string.digits) for _ in range(10))\n                return random_data + '@' + domain\n    \n            sign_in = driver.find_element_by_xpath(\"//a[@href='#/login']\")\n            displayed(sign_in)\n            sign_in.click()\n            time.sleep(1.0)\n    \n            main_window = driver.window_handles[0]\n            driver.execute_script(\"window.open('', 'newwin', 'height=800, width=1200')\")\n            new_window = driver.window_handles[1]\n            driver.switch_to.window(new_window)\n            driver.get(\"http://localhost:1667/#/\")\n    \n            sign_up = driver.find_element_by_xpath(\"//a[@href='#/register']\")\n            displayed(sign_up)\n            sign_up.click()\n    \n            username = driver.find_element_by_xpath(\"//input[@placeholder='Username']\")\n            mail = driver.find_element_by_xpath(\"//input[@placeholder='Email']\")\n            password = driver.find_element_by_xpath(\"//input[@placeholder='Password']\")\n    \n            type_and_check(username, \"Username\", \"robert07134\")\n            type_and_check(mail, \"Email\", random_email_address())\n            type_and_check(password, \"Password\", \"Aaaa11111\")\n    \n            green_button = driver.find_element_by_xpath(\"//button[@class='btn btn-lg btn-primary pull-xs-right']\")\n            assert sign_up.text == driver.find_element_by_xpath(\n                \"//h1[@class='text-xs-center']\").text == green_button.text == \"Sign up\"\n            green_button.click()\n            time.sleep(3.0)\n    \n            assert driver.find_element_by_xpath(\"//div[@class='swal-text']\").text == \"Your registration was successful!\"\n            check_and_click(\"confirm\", \"//button[@class='swal-button swal-button--confirm']\", \"OK\")\n            time.sleep(1.0)\n    \n>           assert driver.find_element_by_xpath(\"//a[@href='#/@robert07134/']\").text == \"robert07134\"\n\ntests/tc2_login_logout_test.py:70: \n_ _ _ _ _ _ _ _ _ _ _ _ _ _ _ _ _ _ _ _ _ _ _ _ _ _ _ _ _ _ _ _ _ _ _ _ _ _ _ _ \n/opt/hostedtoolcache/Python/3.9.5/x64/lib/python3.9/site-packages/selenium/webdriver/remote/webdriver.py:394: in find_element_by_xpath\n    return self.find_element(by=By.XPATH, value=xpath)\n/opt/hostedtoolcache/Python/3.9.5/x64/lib/python3.9/site-packages/selenium/webdriver/remote/webdriver.py:976: in find_element\n    return self.execute(Command.FIND_ELEMENT, {\n/opt/hostedtoolcache/Python/3.9.5/x64/lib/python3.9/site-packages/selenium/webdriver/remote/webdriver.py:321: in execute\n    self.error_handler.check_response(response)\n_ _ _ _ _ _ _ _ _ _ _ _ _ _ _ _ _ _ _ _ _ _ _ _ _ _ _ _ _ _ _ _ _ _ _ _ _ _ _ _ \n\nself = <selenium.webdriver.remote.errorhandler.ErrorHandler object at 0x7f99361a1ca0>\nresponse = {'status': 404, 'value': '{\"value\":{\"error\":\"no such element\",\"message\":\"no such element: Unable to locate element: {\\...wn>\\\\n#15 0x55d89c3bce58 \\\\u003Cunknown>\\\\n#16 0x55d89c3d6dfd \\\\u003Cunknown>\\\\n#17 0x7fe1f2890609 start_thread\\\\n\"}}'}\n\n    def check_response(self, response):\n        \"\"\"\n        Checks that a JSON response from the WebDriver does not have an error.\n    \n        :Args:\n         - response - The JSON response from the WebDriver server as a dictionary\n           object.\n    \n        :Raises: If the response contains an error message.\n        \"\"\"\n        status = response.get('status', None)\n        if status is None or status == ErrorCode.SUCCESS:\n            return\n        value = None\n        message = response.get(\"message\", \"\")\n        screen = response.get(\"screen\", \"\")\n        stacktrace = None\n        if isinstance(status, int):\n            value_json = response.get('value', None)\n            if value_json and isinstance(value_json, basestring):\n                import json\n                try:\n                    value = json.loads(value_json)\n                    if len(value.keys()) == 1:\n                        value = value['value']\n                    status = value.get('error', None)\n                    if status is None:\n                        status = value[\"status\"]\n                        message = value[\"value\"]\n                        if not isinstance(message, basestring):\n                            value = message\n                            message = message.get('message')\n                    else:\n                        message = value.get('message', None)\n                except ValueError:\n                    pass\n    \n        exception_class = ErrorInResponseException\n        if status in ErrorCode.NO_SUCH_ELEMENT:\n            exception_class = NoSuchElementException\n        elif status in ErrorCode.NO_SUCH_FRAME:\n            exception_class = NoSuchFrameException\n        elif status in ErrorCode.NO_SUCH_WINDOW:\n            exception_class = NoSuchWindowException\n        elif status in ErrorCode.STALE_ELEMENT_REFERENCE:\n            exception_class = StaleElementReferenceException\n        elif status in ErrorCode.ELEMENT_NOT_VISIBLE:\n            exception_class = ElementNotVisibleException\n        elif status in ErrorCode.INVALID_ELEMENT_STATE:\n            exception_class = InvalidElementStateException\n        elif status in ErrorCode.INVALID_SELECTOR \\\n                or status in ErrorCode.INVALID_XPATH_SELECTOR \\\n                or status in ErrorCode.INVALID_XPATH_SELECTOR_RETURN_TYPER:\n            exception_class = InvalidSelectorException\n        elif status in ErrorCode.ELEMENT_IS_NOT_SELECTABLE:\n            exception_class = ElementNotSelectableException\n        elif status in ErrorCode.ELEMENT_NOT_INTERACTABLE:\n            exception_class = ElementNotInteractableException\n        elif status in ErrorCode.INVALID_COOKIE_DOMAIN:\n            exception_class = InvalidCookieDomainException\n        elif status in ErrorCode.UNABLE_TO_SET_COOKIE:\n            exception_class = UnableToSetCookieException\n        elif status in ErrorCode.TIMEOUT:\n            exception_class = TimeoutException\n        elif status in ErrorCode.SCRIPT_TIMEOUT:\n            exception_class = TimeoutException\n        elif status in ErrorCode.UNKNOWN_ERROR:\n            exception_class = WebDriverException\n        elif status in ErrorCode.UNEXPECTED_ALERT_OPEN:\n            exception_class = UnexpectedAlertPresentException\n        elif status in ErrorCode.NO_ALERT_OPEN:\n            exception_class = NoAlertPresentException\n        elif status in ErrorCode.IME_NOT_AVAILABLE:\n            exception_class = ImeNotAvailableException\n        elif status in ErrorCode.IME_ENGINE_ACTIVATION_FAILED:\n            exception_class = ImeActivationFailedException\n        elif status in ErrorCode.MOVE_TARGET_OUT_OF_BOUNDS:\n            exception_class = MoveTargetOutOfBoundsException\n        elif status in ErrorCode.JAVASCRIPT_ERROR:\n            exception_class = JavascriptException\n        elif status in ErrorCode.SESSION_NOT_CREATED:\n            exception_class = SessionNotCreatedException\n        elif status in ErrorCode.INVALID_ARGUMENT:\n            exception_class = InvalidArgumentException\n        elif status in ErrorCode.NO_SUCH_COOKIE:\n            exception_class = NoSuchCookieException\n        elif status in ErrorCode.UNABLE_TO_CAPTURE_SCREEN:\n            exception_class = ScreenshotException\n        elif status in ErrorCode.ELEMENT_CLICK_INTERCEPTED:\n            exception_class = ElementClickInterceptedException\n        elif status in ErrorCode.INSECURE_CERTIFICATE:\n            exception_class = InsecureCertificateException\n        elif status in ErrorCode.INVALID_COORDINATES:\n            exception_class = InvalidCoordinatesException\n        elif status in ErrorCode.INVALID_SESSION_ID:\n            exception_class = InvalidSessionIdException\n        elif status in ErrorCode.UNKNOWN_METHOD:\n            exception_class = UnknownMethodException\n        else:\n            exception_class = WebDriverException\n        if value == '' or value is None:\n            value = response['value']\n        if isinstance(value, basestring):\n            if exception_class == ErrorInResponseException:\n                raise exception_class(response, value)\n            raise exception_class(value)\n        if message == \"\" and 'message' in value:\n            message = value['message']\n    \n        screen = None\n        if 'screen' in value:\n            screen = value['screen']\n    \n        stacktrace = None\n        if 'stackTrace' in value and value['stackTrace']:\n            stacktrace = []\n            try:\n                for frame in value['stackTrace']:\n                    line = self._value_or_default(frame, 'lineNumber', '')\n                    file = self._value_or_default(frame, 'fileName', '<anonymous>')\n                    if line:\n                        file = \"%s:%s\" % (file, line)\n                    meth = self._value_or_default(frame, 'methodName', '<anonymous>')\n                    if 'className' in frame:\n                        meth = \"%s.%s\" % (frame['className'], meth)\n                    msg = \"    at %s (%s)\"\n                    msg = msg % (meth, file)\n                    stacktrace.append(msg)\n            except TypeError:\n                pass\n        if exception_class == ErrorInResponseException:\n            raise exception_class(response, message)\n        elif exception_class == UnexpectedAlertPresentException:\n            alert_text = None\n            if 'data' in value:\n                alert_text = value['data'].get('text')\n            elif 'alert' in value:\n                alert_text = value['alert'].get('text')\n            raise exception_class(message, screen, stacktrace, alert_text)\n>       raise exception_class(message, screen, stacktrace)\nE       selenium.common.exceptions.NoSuchElementException: Message: no such element: Unable to locate element: {\"method\":\"xpath\",\"selector\":\"//a[@href='#/@robert07134/']\"}\nE         (Session info: headless chrome=92.0.4515.107)\n\n/opt/hostedtoolcache/Python/3.9.5/x64/lib/python3.9/site-packages/selenium/webdriver/remote/errorhandler.py:242: NoSuchElementException",
  "flaky" : false,
  "newFailed" : false,
  "beforeStages" : [ ],
  "afterStages" : [ ],
  "labels" : [ {
    "name" : "parentSuite",
    "value" : "tests"
  }, {
    "name" : "suite",
    "value" : "tc2_login_logout_test"
  }, {
    "name" : "host",
    "value" : "fv-az82-711"
  }, {
    "name" : "thread",
    "value" : "3762-MainThread"
  }, {
    "name" : "framework",
    "value" : "pytest"
  }, {
    "name" : "language",
    "value" : "cpython3"
  }, {
    "name" : "package",
    "value" : "tests.tc2_login_logout_test"
  }, {
    "name" : "resultFormat",
    "value" : "allure2"
  } ],
  "parameters" : [ ],
  "links" : [ ],
  "hidden" : false,
  "retry" : false,
  "extra" : {
    "severity" : "normal",
    "retries" : [ ],
    "categories" : [ {
      "name" : "Test defects",
      "matchedStatuses" : [ ],
      "flaky" : false
    } ],
    "history" : {
      "statistic" : {
        "failed" : 0,
        "broken" : 1,
        "skipped" : 0,
        "passed" : 2,
        "unknown" : 0,
        "total" : 3
      },
      "items" : [ {
        "uid" : "763fbd19c0b75c68",
        "reportUrl" : "https://robert19940123.github.io/conduit/4//#testresult/763fbd19c0b75c68",
        "status" : "passed",
        "time" : {
          "start" : 1627578512639,
          "stop" : 1627578515539,
          "duration" : 2900
        }
      }, {
        "uid" : "e162a5bc06fdf56c",
        "reportUrl" : "https://robert19940123.github.io/conduit/3//#testresult/e162a5bc06fdf56c",
        "status" : "passed",
        "time" : {
          "start" : 1627577678492,
          "stop" : 1627577681535,
          "duration" : 3043
        }
      } ]
    },
    "tags" : [ ]
  },
  "source" : "502de33a1e8f69fb.json",
  "parameterValues" : [ ]
}